2023-10-16 00:00:01 - Starting workflow
2023-10-16 00:00:01 - Error: Failed to fetch Day Ahead Prices data for tomorrow from the API.
2023-10-16 00:00:03 - CSV file generated
2023-10-16 00:00:01 - Workflow Done
2023-10-16 01:00:01 - Starting workflow
2023-10-16 01:00:01 - Error: Failed to fetch Day Ahead Prices data for tomorrow from the API.
2023-10-16 01:00:23 - CSV file generated
2023-10-16 01:00:01 - Workflow Done
2023-10-16 02:00:01 - Starting workflow
2023-10-16 02:00:01 - Error: Failed to fetch Day Ahead Prices data for tomorrow from the API.
2023-10-16 02:00:06 - CSV file generated
2023-10-16 02:00:01 - Workflow Done
2023-10-16 03:00:02 - Starting workflow
2023-10-16 03:00:02 - Error: Failed to fetch Day Ahead Prices data for tomorrow from the API.
2023-10-16 03:00:05 - CSV file generated
2023-10-16 03:00:02 - Workflow Done
2023-10-16 04:00:01 - Starting workflow
2023-10-16 04:00:01 - Error: Failed to fetch Day Ahead Prices data for tomorrow from the API.
2023-10-16 04:00:06 - CSV file generated
2023-10-16 04:00:01 - Workflow Done
2023-10-16 05:00:01 - Starting workflow
2023-10-16 05:00:01 - Error: Failed to fetch Day Ahead Prices data for tomorrow from the API.
2023-10-16 05:00:05 - CSV file generated
2023-10-16 05:00:01 - Workflow Done
2023-10-16 06:00:01 - Starting workflow
2023-10-16 06:00:02 - Error: Failed to fetch Day Ahead Prices data for tomorrow from the API.
2023-10-16 06:00:04 - CSV file generated
2023-10-16 06:00:01 - Workflow Done
2023-10-16 07:00:01 - Starting workflow
2023-10-16 07:00:01 - Error: Failed to fetch Day Ahead Prices data for tomorrow from the API.
2023-10-16 07:00:05 - CSV file generated
2023-10-16 07:00:01 - Workflow Done
2023-10-16 08:00:01 - Starting workflow
2023-10-16 08:00:01 - Error: Failed to fetch Day Ahead Prices data for tomorrow from the API.
2023-10-16 08:00:04 - CSV file generated
2023-10-16 08:00:01 - Workflow Done
2023-10-16 09:00:01 - Starting workflow
2023-10-16 09:00:01 - Error: Failed to fetch Day Ahead Prices data for tomorrow from the API.
2023-10-16 09:00:02 - CSV file generated
2023-10-16 09:00:01 - Workflow Done
2023-10-16 10:00:01 - Starting workflow
2023-10-16 10:00:01 - Error: Failed to fetch Day Ahead Prices data for tomorrow from the API.
2023-10-16 10:00:05 - CSV file generated
2023-10-16 10:00:01 - Workflow Done
2023-10-16 11:00:01 - Starting workflow
2023-10-16 11:00:01 - Error: Failed to fetch Day Ahead Prices data for tomorrow from the API.
2023-10-16 11:00:05 - CSV file generated
2023-10-16 11:00:01 - Workflow Done
2023-10-16 12:00:01 - Starting workflow
2023-10-16 12:00:01 - Error: Failed to fetch Day Ahead Prices data for tomorrow from the API.
2023-10-16 12:00:05 - CSV file generated
2023-10-16 12:00:01 - Workflow Done
2023-10-16 13:00:02 - Starting workflow
2023-10-16 13:00:02 - Error: Failed to fetch Day Ahead Prices data for tomorrow from the API.
2023-10-16 13:00:05 - CSV file generated
2023-10-16 13:00:02 - Workflow Done
2023-10-16 14:00:01 - Starting workflow
2023-10-16 14:00:01 - Error: Failed to fetch Day Ahead Prices data for tomorrow from the API.
2023-10-16 14:00:04 - CSV file generated
2023-10-16 14:00:01 - Workflow Done
2023-10-16 15:00:01 - Starting workflow
2023-10-16 15:00:01 - Error: Failed to fetch Day Ahead Prices data for tomorrow from the API.
2023-10-16 15:00:06 - CSV file generated
2023-10-16 15:00:01 - Workflow Done
2023-10-16 16:00:01 - Starting workflow
2023-10-16 16:00:01 - Error: Failed to fetch Day Ahead Prices data for tomorrow from the API.
2023-10-16 16:00:03 - CSV file generated
2023-10-16 16:00:01 - Workflow Done
2023-10-16 17:00:01 - Starting workflow
2023-10-16 17:00:01 - Error: Failed to fetch Day Ahead Prices data for tomorrow from the API.
2023-10-16 17:00:04 - CSV file generated
2023-10-16 17:00:01 - Workflow Done
2023-10-16 17:40:07 - Starting workflow
2023-10-16 17:40:07 - Day Ahead Prices data for tomorrow fetched and saved to ./data/day_ahead_prices_20231016.xml.
2023-10-16 17:40:08 - CSV file generated
2023-10-16 17:40:07 - Workflow Done
2023-10-16 18:00:01 - Starting workflow
2023-10-16 18:00:01 - Day Ahead Prices data for tomorrow fetched and saved to /home/pi/Automation/ESunAutomation/src/Eprices/data/day_ahead_prices_20231016.xml.
2023-10-16 18:00:05 - CSV file generated
2023-10-16 18:00:01 - Workflow Done
2023-10-16 19:00:01 - Starting workflow
2023-10-16 19:00:01 - Day Ahead Prices data for tomorrow fetched and saved to /home/pi/Automation/ESunAutomation/src/Eprices/data/day_ahead_prices_20231016.xml.
2023-10-16 19:00:06 - CSV file generated
2023-10-16 19:00:01 - Workflow Done
2023-10-16 20:00:01 - Starting workflow
2023-10-16 20:00:01 - Day Ahead Prices data for tomorrow fetched and saved to /home/pi/Automation/ESunAutomation/src/Eprices/data/day_ahead_prices_20231016.xml.
2023-10-16 20:00:02 - CSV file generated
2023-10-16 20:00:01 - Workflow Done
2023-10-16 21:00:01 - Starting workflow
2023-10-16 21:00:01 - Day Ahead Prices data for tomorrow fetched and saved to /home/pi/Automation/ESunAutomation/src/Eprices/data/day_ahead_prices_20231016.xml.
2023-10-16 21:00:03 - CSV file generated
2023-10-16 21:00:01 - Workflow Done
2023-10-16 22:00:01 - Starting workflow
2023-10-16 22:00:02 - Day Ahead Prices data for tomorrow fetched and saved to /home/pi/Automation/ESunAutomation/src/Eprices/data/day_ahead_prices_20231016.xml.
2023-10-16 22:00:03 - CSV file generated
2023-10-16 22:00:01 - Workflow Done
2023-10-16 23:00:01 - Starting workflow
2023-10-16 23:00:01 - Day Ahead Prices data for tomorrow fetched and saved to /home/pi/Automation/ESunAutomation/src/Eprices/data/day_ahead_prices_20231016.xml.
2023-10-16 23:00:03 - CSV file generated
2023-10-16 23:00:01 - Workflow Done
