2023-10-18 00:00:01 - Starting workflow
2023-10-18 00:00:01 - Day Ahead Prices data for tomorrow fetched and saved to /home/pi/Automation/ESunAutomation/src/Eprices/data/day_ahead_prices_20231018.xml.
2023-10-18 00:00:05 - CSV file generated
2023-10-18 00:00:01 - Workflow Done
2023-10-18 01:00:01 - Starting workflow
2023-10-18 01:00:01 - Day Ahead Prices data for tomorrow fetched and saved to /home/pi/Automation/ESunAutomation/src/Eprices/data/day_ahead_prices_20231018.xml.
2023-10-18 01:00:35 - CSV file generated
2023-10-18 01:00:01 - Workflow Done
2023-10-18 02:00:01 - Starting workflow
2023-10-18 02:00:01 - Day Ahead Prices data for tomorrow fetched and saved to /home/pi/Automation/ESunAutomation/src/Eprices/data/day_ahead_prices_20231018.xml.
2023-10-18 02:00:17 - CSV file generated
2023-10-18 02:00:01 - Workflow Done
2023-10-18 03:00:01 - Starting workflow
2023-10-18 03:00:01 - Day Ahead Prices data for tomorrow fetched and saved to /home/pi/Automation/ESunAutomation/src/Eprices/data/day_ahead_prices_20231018.xml.
2023-10-18 03:00:19 - CSV file generated
2023-10-18 03:00:01 - Workflow Done
2023-10-18 04:00:01 - Starting workflow
2023-10-18 04:00:01 - Day Ahead Prices data for tomorrow fetched and saved to /home/pi/Automation/ESunAutomation/src/Eprices/data/day_ahead_prices_20231018.xml.
2023-10-18 04:00:18 - CSV file generated
2023-10-18 04:00:01 - Workflow Done
2023-10-18 05:00:01 - Starting workflow
2023-10-18 05:00:01 - Error: Failed to fetch Day Ahead Prices data for tomorrow from the API.
2023-10-18 05:02:11 - CSV file generated
2023-10-18 05:00:01 - Workflow Done
2023-10-18 06:00:01 - Starting workflow
2023-10-18 06:00:01 - Day Ahead Prices data for tomorrow fetched and saved to /home/pi/Automation/ESunAutomation/src/Eprices/data/day_ahead_prices_20231018.xml.
2023-10-18 06:00:15 - CSV file generated
2023-10-18 06:00:01 - Workflow Done
2023-10-18 07:00:01 - Starting workflow
2023-10-18 07:00:01 - Day Ahead Prices data for tomorrow fetched and saved to /home/pi/Automation/ESunAutomation/src/Eprices/data/day_ahead_prices_20231018.xml.
2023-10-18 07:00:16 - CSV file generated
2023-10-18 07:00:01 - Workflow Done
2023-10-18 08:00:01 - Starting workflow
2023-10-18 08:00:01 - Day Ahead Prices data for tomorrow fetched and saved to /home/pi/Automation/ESunAutomation/src/Eprices/data/day_ahead_prices_20231018.xml.
2023-10-18 08:00:26 - CSV file generated
2023-10-18 08:00:01 - Workflow Done
2023-10-18 09:00:01 - Starting workflow
2023-10-18 09:00:01 - Day Ahead Prices data for tomorrow fetched and saved to /home/pi/Automation/ESunAutomation/src/Eprices/data/day_ahead_prices_20231018.xml.
2023-10-18 09:00:19 - CSV file generated
2023-10-18 09:00:01 - Workflow Done
2023-10-18 10:00:01 - Starting workflow
2023-10-18 10:00:01 - Day Ahead Prices data for tomorrow fetched and saved to /home/pi/Automation/ESunAutomation/src/Eprices/data/day_ahead_prices_20231018.xml.
2023-10-18 10:00:11 - CSV file generated
2023-10-18 10:00:01 - Workflow Done
2023-10-18 11:00:01 - Starting workflow
2023-10-18 11:00:01 - Day Ahead Prices data for tomorrow fetched and saved to /home/pi/Automation/ESunAutomation/src/Eprices/data/day_ahead_prices_20231018.xml.
2023-10-18 11:00:35 - CSV file generated
2023-10-18 11:00:01 - Workflow Done
2023-10-18 12:00:01 - Starting workflow
2023-10-18 12:00:01 - Day Ahead Prices data for tomorrow fetched and saved to /home/pi/Automation/ESunAutomation/src/Eprices/data/day_ahead_prices_20231018.xml.
2023-10-18 12:00:25 - CSV file generated
2023-10-18 12:00:01 - Workflow Done
2023-10-18 13:00:01 - Starting workflow
2023-10-18 13:00:01 - Day Ahead Prices data for tomorrow fetched and saved to /home/pi/Automation/ESunAutomation/src/Eprices/data/day_ahead_prices_20231018.xml.
2023-10-18 13:00:28 - CSV file generated
2023-10-18 13:00:01 - Workflow Done
2023-10-18 14:00:01 - Starting workflow
2023-10-18 14:00:01 - Day Ahead Prices data for tomorrow fetched and saved to /home/pi/Automation/ESunAutomation/src/Eprices/data/day_ahead_prices_20231018.xml.
2023-10-18 14:00:29 - CSV file generated
2023-10-18 14:00:01 - Workflow Done
2023-10-18 15:00:01 - Starting workflow
2023-10-18 15:00:01 - Day Ahead Prices data for tomorrow fetched and saved to /home/pi/Automation/ESunAutomation/src/Eprices/data/day_ahead_prices_20231018.xml.
2023-10-18 15:00:11 - CSV file generated
2023-10-18 15:00:01 - Workflow Done
2023-10-18 16:00:01 - Starting workflow
2023-10-18 16:00:01 - Day Ahead Prices data for tomorrow fetched and saved to /home/pi/Automation/ESunAutomation/src/Eprices/data/day_ahead_prices_20231018.xml.
2023-10-18 16:00:23 - CSV file generated
2023-10-18 16:00:01 - Workflow Done
2023-10-18 17:00:01 - Starting workflow
2023-10-18 17:00:01 - Day Ahead Prices data for tomorrow fetched and saved to /home/pi/Automation/ESunAutomation/src/Eprices/data/day_ahead_prices_20231018.xml.
2023-10-18 17:00:23 - CSV file generated
2023-10-18 17:00:01 - Workflow Done
2023-10-18 18:00:01 - Starting workflow
2023-10-18 18:00:01 - Day Ahead Prices data for tomorrow fetched and saved to /home/pi/Automation/ESunAutomation/src/Eprices/data/day_ahead_prices_20231018.xml.
2023-10-18 18:00:18 - CSV file generated
2023-10-18 18:00:01 - Workflow Done
2023-10-18 19:00:01 - Starting workflow
2023-10-18 19:00:01 - Day Ahead Prices data for tomorrow fetched and saved to /home/pi/Automation/ESunAutomation/src/Eprices/data/day_ahead_prices_20231018.xml.
2023-10-18 19:00:14 - CSV file generated
2023-10-18 19:00:01 - Workflow Done
2023-10-18 20:00:01 - Starting workflow
2023-10-18 20:00:01 - Day Ahead Prices data for tomorrow fetched and saved to /home/pi/Automation/ESunAutomation/src/Eprices/data/day_ahead_prices_20231018.xml.
2023-10-18 20:00:11 - CSV file generated
2023-10-18 20:00:01 - Workflow Done
2023-10-18 21:00:01 - Starting workflow
2023-10-18 21:00:01 - Day Ahead Prices data for tomorrow fetched and saved to /home/pi/Automation/ESunAutomation/src/Eprices/data/day_ahead_prices_20231018.xml.
2023-10-18 21:00:12 - CSV file generated
2023-10-18 21:00:01 - Workflow Done
2023-10-18 22:00:01 - Starting workflow
2023-10-18 22:00:01 - Day Ahead Prices data for tomorrow fetched and saved to /home/pi/Automation/ESunAutomation/src/Eprices/data/day_ahead_prices_20231018.xml.
2023-10-18 22:00:15 - CSV file generated
2023-10-18 22:00:01 - Workflow Done
2023-10-18 23:00:01 - Starting workflow
2023-10-18 23:00:01 - Day Ahead Prices data for tomorrow fetched and saved to /home/pi/Automation/ESunAutomation/src/Eprices/data/day_ahead_prices_20231018.xml.
2023-10-18 23:00:12 - CSV file generated
2023-10-18 23:00:01 - Workflow Done
