2023-10-15 00:00:01 - Starting workflow
2023-10-15 00:00:01 - Error: Failed to fetch Day Ahead Prices data for tomorrow from the API.
2023-10-15 00:00:04 - CSV file generated
2023-10-15 00:00:01 - Workflow Done
2023-10-15 01:00:01 - Starting workflow
2023-10-15 01:00:01 - Error: Failed to fetch Day Ahead Prices data for tomorrow from the API.
2023-10-15 01:00:27 - CSV file generated
2023-10-15 01:00:01 - Workflow Done
2023-10-15 02:00:01 - Starting workflow
2023-10-15 02:00:01 - Error: Failed to fetch Day Ahead Prices data for tomorrow from the API.
2023-10-15 02:00:02 - CSV file generated
2023-10-15 02:00:01 - Workflow Done
2023-10-15 03:00:01 - Starting workflow
2023-10-15 03:00:01 - Error: Failed to fetch Day Ahead Prices data for tomorrow from the API.
2023-10-15 03:00:03 - CSV file generated
2023-10-15 03:00:01 - Workflow Done
2023-10-15 04:00:01 - Starting workflow
2023-10-15 04:00:01 - Error: Failed to fetch Day Ahead Prices data for tomorrow from the API.
2023-10-15 04:00:01 - CSV file generated
2023-10-15 04:00:01 - Workflow Done
2023-10-15 05:00:01 - Starting workflow
2023-10-15 05:00:01 - Error: Failed to fetch Day Ahead Prices data for tomorrow from the API.
2023-10-15 05:00:04 - CSV file generated
2023-10-15 05:00:01 - Workflow Done
2023-10-15 06:00:01 - Starting workflow
2023-10-15 06:00:01 - Error: Failed to fetch Day Ahead Prices data for tomorrow from the API.
2023-10-15 06:00:02 - CSV file generated
2023-10-15 06:00:01 - Workflow Done
2023-10-15 07:00:01 - Starting workflow
2023-10-15 07:00:01 - Error: Failed to fetch Day Ahead Prices data for tomorrow from the API.
2023-10-15 07:00:06 - CSV file generated
2023-10-15 07:00:01 - Workflow Done
2023-10-15 08:00:01 - Starting workflow
2023-10-15 08:00:01 - Error: Failed to fetch Day Ahead Prices data for tomorrow from the API.
2023-10-15 08:00:02 - CSV file generated
2023-10-15 08:00:01 - Workflow Done
2023-10-15 09:00:01 - Starting workflow
2023-10-15 09:00:01 - Error: Failed to fetch Day Ahead Prices data for tomorrow from the API.
2023-10-15 09:00:04 - CSV file generated
2023-10-15 09:00:01 - Workflow Done
2023-10-15 10:00:01 - Starting workflow
2023-10-15 10:00:01 - Error: Failed to fetch Day Ahead Prices data for tomorrow from the API.
2023-10-15 10:00:03 - CSV file generated
2023-10-15 10:00:01 - Workflow Done
2023-10-15 11:00:02 - Starting workflow
2023-10-15 11:00:02 - Error: Failed to fetch Day Ahead Prices data for tomorrow from the API.
2023-10-15 11:00:04 - CSV file generated
2023-10-15 11:00:02 - Workflow Done
2023-10-15 12:00:01 - Starting workflow
2023-10-15 12:00:01 - Error: Failed to fetch Day Ahead Prices data for tomorrow from the API.
2023-10-15 12:00:04 - CSV file generated
2023-10-15 12:00:01 - Workflow Done
2023-10-15 13:00:01 - Starting workflow
2023-10-15 13:00:01 - Error: Failed to fetch Day Ahead Prices data for tomorrow from the API.
2023-10-15 13:00:27 - CSV file generated
2023-10-15 13:00:01 - Workflow Done
2023-10-15 14:00:01 - Starting workflow
2023-10-15 14:00:01 - Error: Failed to fetch Day Ahead Prices data for tomorrow from the API.
2023-10-15 14:00:06 - CSV file generated
2023-10-15 14:00:01 - Workflow Done
2023-10-15 14:27:08 - Day Ahead Prices data for tomorrow fetched and saved to ./data/day_ahead_prices_20231015.xml.
2023-10-15 14:27:16 - Starting workflow
2023-10-15 14:27:16 - Day Ahead Prices data for tomorrow fetched and saved to ./data/day_ahead_prices_20231015.xml.
2023-10-15 14:27:16 - CSV file generated
2023-10-15 14:27:16 - Workflow Done
2023-10-15 15:00:01 - Starting workflow
2023-10-15 15:00:02 - Error: Failed to fetch Day Ahead Prices data for tomorrow from the API.
2023-10-15 15:00:04 - CSV file generated
2023-10-15 15:00:01 - Workflow Done
2023-10-15 16:00:01 - Starting workflow
2023-10-15 16:00:01 - Error: Failed to fetch Day Ahead Prices data for tomorrow from the API.
2023-10-15 16:00:02 - CSV file generated
2023-10-15 16:00:01 - Workflow Done
2023-10-15 17:00:01 - Starting workflow
2023-10-15 17:00:01 - Error: Failed to fetch Day Ahead Prices data for tomorrow from the API.
2023-10-15 17:00:04 - CSV file generated
2023-10-15 17:00:01 - Workflow Done
2023-10-15 18:00:01 - Starting workflow
2023-10-15 18:00:01 - Error: Failed to fetch Day Ahead Prices data for tomorrow from the API.
2023-10-15 18:00:02 - CSV file generated
2023-10-15 18:00:01 - Workflow Done
2023-10-15 19:00:01 - Starting workflow
2023-10-15 19:00:01 - Error: Failed to fetch Day Ahead Prices data for tomorrow from the API.
2023-10-15 19:00:04 - CSV file generated
2023-10-15 19:00:01 - Workflow Done
2023-10-15 20:00:01 - Starting workflow
2023-10-15 20:00:01 - Error: Failed to fetch Day Ahead Prices data for tomorrow from the API.
2023-10-15 20:00:03 - CSV file generated
2023-10-15 20:00:01 - Workflow Done
2023-10-15 21:00:01 - Starting workflow
2023-10-15 21:00:01 - Error: Failed to fetch Day Ahead Prices data for tomorrow from the API.
2023-10-15 21:00:04 - CSV file generated
2023-10-15 21:00:01 - Workflow Done
2023-10-15 22:00:01 - Starting workflow
2023-10-15 22:00:01 - Error: Failed to fetch Day Ahead Prices data for tomorrow from the API.
2023-10-15 22:00:04 - CSV file generated
2023-10-15 22:00:01 - Workflow Done
2023-10-15 23:00:01 - Starting workflow
2023-10-15 23:00:01 - Error: Failed to fetch Day Ahead Prices data for tomorrow from the API.
2023-10-15 23:00:06 - CSV file generated
2023-10-15 23:00:01 - Workflow Done
