2023-10-10 22:15:25 - CSV file generated
2023-10-10 22:15:25 - Workflow Done
2023-10-10 22:15:51 - Starting workflow
2023-10-10 22:15:51 - Day Ahead Prices data for tomorrow fetched and saved to ./data/day_ahead_prices_20231010.xml.
2023-10-10 22:15:52 - CSV file generated
2023-10-10 22:15:51 - Workflow Done
2023-10-10 22:16:01 - Starting workflow
2023-10-10 22:16:01 - Error: Failed to fetch Day Ahead Prices data for tomorrow from the API.
2023-10-10 22:16:02 - CSV file generated
2023-10-10 22:16:01 - Workflow Done
2023-10-10 22:17:01 - Starting workflow
2023-10-10 22:17:01 - Error: Failed to fetch Day Ahead Prices data for tomorrow from the API.
2023-10-10 22:17:01 - CSV file generated
2023-10-10 22:17:01 - Workflow Done
2023-10-10 22:17:07 - Starting workflow
2023-10-10 22:17:07 - Day Ahead Prices data for tomorrow fetched and saved to ./data/day_ahead_prices_20231010.xml.
2023-10-10 22:17:08 - CSV file generated
2023-10-10 22:17:07 - Workflow Done
2023-10-10 22:18:01 - Starting workflow
2023-10-10 22:18:01 - Error: Failed to fetch Day Ahead Prices data for tomorrow from the API.
2023-10-10 22:18:01 - CSV file generated
2023-10-10 22:18:01 - Workflow Done
2023-10-10 22:19:01 - Starting workflow
2023-10-10 22:19:01 - Error: Failed to fetch Day Ahead Prices data for tomorrow from the API.
2023-10-10 22:19:02 - CSV file generated
2023-10-10 22:19:01 - Workflow Done
2023-10-10 22:20:01 - Starting workflow
2023-10-10 22:20:01 - Error: Failed to fetch Day Ahead Prices data for tomorrow from the API.
2023-10-10 22:20:02 - CSV file generated
2023-10-10 22:20:01 - Workflow Done
2023-10-10 22:21:01 - Starting workflow
2023-10-10 22:21:02 - Error: Failed to fetch Day Ahead Prices data for tomorrow from the API.
2023-10-10 22:21:02 - CSV file generated
2023-10-10 22:21:01 - Workflow Done
2023-10-10 22:22:01 - Starting workflow
2023-10-10 22:22:01 - Error: Failed to fetch Day Ahead Prices data for tomorrow from the API.
2023-10-10 22:22:01 - CSV file generated
2023-10-10 22:22:01 - Workflow Done
2023-10-10 22:23:01 - Starting workflow
2023-10-10 22:23:01 - Error: Failed to fetch Day Ahead Prices data for tomorrow from the API.
2023-10-10 22:23:01 - CSV file generated
2023-10-10 22:23:01 - Workflow Done
2023-10-10 22:24:01 - Starting workflow
2023-10-10 22:24:01 - Error: Failed to fetch Day Ahead Prices data for tomorrow from the API.
2023-10-10 22:24:02 - CSV file generated
2023-10-10 22:24:01 - Workflow Done
2023-10-10 22:25:01 - Starting workflow
2023-10-10 22:25:01 - Error: Failed to fetch Day Ahead Prices data for tomorrow from the API.
2023-10-10 22:25:02 - CSV file generated
2023-10-10 22:25:01 - Workflow Done
2023-10-10 22:26:01 - Starting workflow
2023-10-10 22:26:01 - Error: Failed to fetch Day Ahead Prices data for tomorrow from the API.
2023-10-10 22:26:02 - CSV file generated
2023-10-10 22:26:01 - Workflow Done
2023-10-10 22:27:02 - Starting workflow
2023-10-10 22:27:02 - Error: Failed to fetch Day Ahead Prices data for tomorrow from the API.
2023-10-10 22:27:02 - CSV file generated
2023-10-10 22:27:02 - Workflow Done
2023-10-10 22:28:01 - Starting workflow
2023-10-10 22:28:01 - Error: Failed to fetch Day Ahead Prices data for tomorrow from the API.
2023-10-10 22:28:01 - CSV file generated
2023-10-10 22:28:01 - Workflow Done
2023-10-10 22:29:01 - Starting workflow
2023-10-10 22:29:01 - Error: Failed to fetch Day Ahead Prices data for tomorrow from the API.
2023-10-10 22:29:02 - CSV file generated
2023-10-10 22:29:01 - Workflow Done
2023-10-10 22:30:02 - Starting workflow
2023-10-10 22:30:02 - Error: Failed to fetch Day Ahead Prices data for tomorrow from the API.
2023-10-10 22:30:02 - CSV file generated
2023-10-10 22:30:02 - Workflow Done
2023-10-10 22:31:01 - Starting workflow
2023-10-10 22:31:01 - Error: Failed to fetch Day Ahead Prices data for tomorrow from the API.
2023-10-10 22:31:01 - CSV file generated
2023-10-10 22:31:01 - Workflow Done
2023-10-10 22:32:01 - Starting workflow
2023-10-10 22:32:01 - Error: Failed to fetch Day Ahead Prices data for tomorrow from the API.
2023-10-10 22:32:02 - CSV file generated
2023-10-10 22:32:01 - Workflow Done
2023-10-10 22:33:01 - Starting workflow
2023-10-10 22:33:01 - Error: Failed to fetch Day Ahead Prices data for tomorrow from the API.
2023-10-10 22:33:02 - CSV file generated
2023-10-10 22:33:01 - Workflow Done
2023-10-10 22:34:01 - Starting workflow
2023-10-10 22:34:01 - Error: Failed to fetch Day Ahead Prices data for tomorrow from the API.
2023-10-10 22:34:01 - CSV file generated
2023-10-10 22:34:01 - Workflow Done
2023-10-10 22:35:00 - Starting workflow
2023-10-10 22:35:01 - Starting workflow
2023-10-10 22:35:00 - Day Ahead Prices data for tomorrow fetched and saved to ./data/day_ahead_prices_20231010.xml.
2023-10-10 22:35:01 - Error: Failed to fetch Day Ahead Prices data for tomorrow from the API.
2023-10-10 22:35:01 - CSV file generated
2023-10-10 22:35:00 - Workflow Done
2023-10-10 22:35:02 - CSV file generated
2023-10-10 22:35:01 - Workflow Done
2023-10-10 22:36:01 - Starting workflow
2023-10-10 22:36:01 - Error: Failed to fetch Day Ahead Prices data for tomorrow from the API.
2023-10-10 22:36:02 - CSV file generated
2023-10-10 22:36:01 - Workflow Done
2023-10-10 22:37:01 - Starting workflow
2023-10-10 22:37:01 - Error: Failed to fetch Day Ahead Prices data for tomorrow from the API.
2023-10-10 22:37:02 - CSV file generated
2023-10-10 22:37:01 - Workflow Done
2023-10-10 22:38:02 - Starting workflow
2023-10-10 22:38:02 - Error: Failed to fetch Day Ahead Prices data for tomorrow from the API.
2023-10-10 22:38:02 - CSV file generated
2023-10-10 22:38:02 - Workflow Done
2023-10-10 22:39:01 - Starting workflow
2023-10-10 22:39:01 - Error: Failed to fetch Day Ahead Prices data for tomorrow from the API.
2023-10-10 22:39:01 - CSV file generated
2023-10-10 22:39:01 - Workflow Done
2023-10-10 23:00:02 - Starting workflow
2023-10-10 23:00:02 - Error: Failed to fetch Day Ahead Prices data for tomorrow from the API.
2023-10-10 23:00:06 - CSV file generated
2023-10-10 23:00:02 - Workflow Done
