/home/pi/Automation/ESunAutomation/src/Eprices/runbash.sh: line 17: /home/pi/Automation/ESunAutomation/src/Eprices/get_electricity_prices.sh: Permission denied
/home/pi/Automation/ESunAutomation/src/Eprices/runbash.sh: line 18: /home/pi/Automation/ESunAutomation/src/Eprices/get_csv.sh: Permission denied
/home/pi/Automation/ESunAutomation/src/Eprices/runbash.sh: line 17: /home/pi/Automation/ESunAutomation/src/Eprices/get_electricity_prices.sh: Permission denied
/home/pi/Automation/ESunAutomation/src/Eprices/runbash.sh: line 18: /home/pi/Automation/ESunAutomation/src/Eprices/get_csv.sh: Permission denied
/home/pi/Automation/ESunAutomation/src/Eprices/runbash.sh: line 17: /home/pi/Automation/ESunAutomation/src/Eprices/get_electricity_prices.sh: Permission denied
/home/pi/Automation/ESunAutomation/src/Eprices/runbash.sh: line 18: /home/pi/Automation/ESunAutomation/src/Eprices/get_csv.sh: Permission denied
/home/pi/Automation/ESunAutomation/src/Eprices/runbash.sh: line 17: /home/pi/Automation/ESunAutomation/src/Eprices/get_electricity_prices.sh: Permission denied
/home/pi/Automation/ESunAutomation/src/Eprices/runbash.sh: line 18: /home/pi/Automation/ESunAutomation/src/Eprices/get_csv.sh: Permission denied
/home/pi/Automation/ESunAutomation/src/Eprices/runbash.sh: line 17: /home/pi/Automation/ESunAutomation/src/Eprices/get_electricity_prices.sh: Permission denied
/home/pi/Automation/ESunAutomation/src/Eprices/runbash.sh: line 18: /home/pi/Automation/ESunAutomation/src/Eprices/get_csv.sh: Permission denied
/home/pi/Automation/ESunAutomation/src/Eprices/runbash.sh: line 17: /home/pi/Automation/ESunAutomation/src/Eprices/get_electricity_prices.sh: Permission denied
/home/pi/Automation/ESunAutomation/src/Eprices/runbash.sh: line 18: /home/pi/Automation/ESunAutomation/src/Eprices/get_csv.sh: Permission denied
/home/pi/Automation/ESunAutomation/src/Eprices/runbash.sh: line 17: /home/pi/Automation/ESunAutomation/src/Eprices/get_electricity_prices.sh: Permission denied
/home/pi/Automation/ESunAutomation/src/Eprices/runbash.sh: line 18: /home/pi/Automation/ESunAutomation/src/Eprices/get_csv.sh: Permission denied
/home/pi/Automation/ESunAutomation/src/Eprices/runbash.sh: line 17: /home/pi/Automation/ESunAutomation/src/Eprices/get_electricity_prices.sh: Permission denied
/home/pi/Automation/ESunAutomation/src/Eprices/runbash.sh: line 18: /home/pi/Automation/ESunAutomation/src/Eprices/get_csv.sh: Permission denied
/home/pi/Automation/ESunAutomation/src/Eprices/runbash.sh: line 17: /home/pi/Automation/ESunAutomation/src/Eprices/get_electricity_prices.sh: Permission denied
/home/pi/Automation/ESunAutomation/src/Eprices/runbash.sh: line 18: /home/pi/Automation/ESunAutomation/src/Eprices/get_csv.sh: Permission denied
/home/pi/Automation/ESunAutomation/src/Eprices/runbash.sh: line 17: /home/pi/Automation/ESunAutomation/src/Eprices/get_electricity_prices.sh: Permission denied
/home/pi/Automation/ESunAutomation/src/Eprices/runbash.sh: line 18: /home/pi/Automation/ESunAutomation/src/Eprices/get_csv.sh: Permission denied
/home/pi/Automation/ESunAutomation/src/Eprices/runbash.sh: line 17: /home/pi/Automation/ESunAutomation/src/Eprices/get_electricity_prices.sh: Permission denied
/home/pi/Automation/ESunAutomation/src/Eprices/runbash.sh: line 18: /home/pi/Automation/ESunAutomation/src/Eprices/get_csv.sh: Permission denied
/home/pi/Automation/ESunAutomation/src/Eprices/runbash.sh: line 17: /home/pi/Automation/ESunAutomation/src/Eprices/get_electricity_prices.sh: Permission denied
/home/pi/Automation/ESunAutomation/src/Eprices/runbash.sh: line 18: /home/pi/Automation/ESunAutomation/src/Eprices/get_csv.sh: Permission denied
/home/pi/Automation/ESunAutomation/src/Eprices/runbash.sh: line 17: /home/pi/Automation/ESunAutomation/src/Eprices/get_electricity_prices.sh: Permission denied
/home/pi/Automation/ESunAutomation/src/Eprices/runbash.sh: line 18: /home/pi/Automation/ESunAutomation/src/Eprices/get_csv.sh: Permission denied
/home/pi/Automation/ESunAutomation/src/Eprices/runbash.sh: line 17: /home/pi/Automation/ESunAutomation/src/Eprices/get_electricity_prices.sh: Permission denied
/home/pi/Automation/ESunAutomation/src/Eprices/runbash.sh: line 18: /home/pi/Automation/ESunAutomation/src/Eprices/get_csv.sh: Permission denied
/home/pi/Automation/ESunAutomation/src/Eprices/runbash.sh: line 17: /home/pi/Automation/ESunAutomation/src/Eprices/get_electricity_prices.sh: Permission denied
/home/pi/Automation/ESunAutomation/src/Eprices/runbash.sh: line 18: /home/pi/Automation/ESunAutomation/src/Eprices/get_csv.sh: Permission denied
/home/pi/Automation/ESunAutomation/src/Eprices/runbash.sh: line 17: /home/pi/Automation/ESunAutomation/src/Eprices/get_electricity_prices.sh: Permission denied
/home/pi/Automation/ESunAutomation/src/Eprices/runbash.sh: line 18: /home/pi/Automation/ESunAutomation/src/Eprices/get_csv.sh: Permission denied
/home/pi/Automation/ESunAutomation/src/Eprices/runbash.sh: line 17: /home/pi/Automation/ESunAutomation/src/Eprices/get_electricity_prices.sh: Permission denied
/home/pi/Automation/ESunAutomation/src/Eprices/runbash.sh: line 18: /home/pi/Automation/ESunAutomation/src/Eprices/get_csv.sh: Permission denied
/home/pi/Automation/ESunAutomation/src/Eprices/runbash.sh: line 17: /home/pi/Automation/ESunAutomation/src/Eprices/get_electricity_prices.sh: Permission denied
/home/pi/Automation/ESunAutomation/src/Eprices/runbash.sh: line 18: /home/pi/Automation/ESunAutomation/src/Eprices/get_csv.sh: Permission denied
/home/pi/Automation/ESunAutomation/src/Eprices/runbash.sh: line 17: /home/pi/Automation/ESunAutomation/src/Eprices/get_electricity_prices.sh: Permission denied
/home/pi/Automation/ESunAutomation/src/Eprices/runbash.sh: line 18: /home/pi/Automation/ESunAutomation/src/Eprices/get_csv.sh: Permission denied
/home/pi/Automation/ESunAutomation/src/Eprices/runbash.sh: line 17: /home/pi/Automation/ESunAutomation/src/Eprices/get_electricity_prices.sh: Permission denied
/home/pi/Automation/ESunAutomation/src/Eprices/runbash.sh: line 18: /home/pi/Automation/ESunAutomation/src/Eprices/get_csv.sh: Permission denied
/home/pi/Automation/ESunAutomation/src/Eprices/runbash.sh: line 17: /home/pi/Automation/ESunAutomation/src/Eprices/get_electricity_prices.sh: Permission denied
/home/pi/Automation/ESunAutomation/src/Eprices/runbash.sh: line 18: /home/pi/Automation/ESunAutomation/src/Eprices/get_csv.sh: Permission denied
/home/pi/Automation/ESunAutomation/src/Eprices/runbash.sh: line 17: /home/pi/Automation/ESunAutomation/src/Eprices/get_electricity_prices.sh: Permission denied
/home/pi/Automation/ESunAutomation/src/Eprices/runbash.sh: line 18: /home/pi/Automation/ESunAutomation/src/Eprices/get_csv.sh: Permission denied
/home/pi/Automation/ESunAutomation/src/Eprices/runbash.sh: line 17: /home/pi/Automation/ESunAutomation/src/Eprices/get_electricity_prices.sh: Permission denied
/home/pi/Automation/ESunAutomation/src/Eprices/runbash.sh: line 18: /home/pi/Automation/ESunAutomation/src/Eprices/get_csv.sh: Permission denied
2023-11-01
2023-11-01
2023-11-01
2023-11-01
2023-11-01
2023-11-01
(23) Failed writing body
/home/pi/Automation/ESunAutomation/src/Eprices/get_csv.sh: line 30: echo: write error: No space left on device
(23) Failed writing body
/home/pi/Automation/ESunAutomation/src/Eprices/get_csv.sh: line 30: echo: write error: No space left on device
(23) Failed writing body
/home/pi/Automation/ESunAutomation/src/Eprices/get_csv.sh: line 30: echo: write error: No space left on device
(23) Failed writing body
/home/pi/Automation/ESunAutomation/src/Eprices/get_csv.sh: line 30: echo: write error: No space left on device
(23) Failed writing body
/home/pi/Automation/ESunAutomation/src/Eprices/get_csv.sh: line 30: echo: write error: No space left on device
(23) Failed writing body
/home/pi/Automation/ESunAutomation/src/Eprices/get_csv.sh: line 30: echo: write error: No space left on device
