2023-10-07 00:04:02 - DEBUG - [32mDEBUG[0m: Checking conditions at minute: 2023-10-07 00:04:02.047639
2023-10-07 00:04:02 - ERROR - [31mERROR[0m: An error occurred while checking conditions: No data file found for today or yesterday.
2023-10-07 00:04:02 - DEBUG - [32mDEBUG[0m: Pin 5 actief en OK_TO_SWITCH is False
2023-10-07 00:05:01 - DEBUG - [32mDEBUG[0m: Checking conditions at minute: 2023-10-07 00:05:01.198545
2023-10-07 00:05:01 - ERROR - [31mERROR[0m: An error occurred while checking conditions: No data file found for today or yesterday.
2023-10-07 00:05:01 - DEBUG - [32mDEBUG[0m: Pin 5 actief en OK_TO_SWITCH is False
2023-10-07 00:06:01 - DEBUG - [32mDEBUG[0m: Checking conditions at minute: 2023-10-07 00:06:01.371913
2023-10-07 00:06:01 - ERROR - [31mERROR[0m: An error occurred while checking conditions: No data file found for today or yesterday.
2023-10-07 00:06:01 - DEBUG - [32mDEBUG[0m: Pin 5 actief en OK_TO_SWITCH is False
2023-10-07 00:07:01 - DEBUG - [32mDEBUG[0m: Checking conditions at minute: 2023-10-07 00:07:01.506211
2023-10-07 00:07:01 - ERROR - [31mERROR[0m: An error occurred while checking conditions: No data file found for today or yesterday.
2023-10-07 00:07:01 - DEBUG - [32mDEBUG[0m: Pin 5 actief en OK_TO_SWITCH is False
2023-10-07 00:08:01 - DEBUG - [32mDEBUG[0m: Checking conditions at minute: 2023-10-07 00:08:01.699784
2023-10-07 00:08:01 - ERROR - [31mERROR[0m: An error occurred while checking conditions: No data file found for today or yesterday.
2023-10-07 00:08:01 - DEBUG - [32mDEBUG[0m: Pin 5 actief en OK_TO_SWITCH is False
2023-10-07 00:09:01 - DEBUG - [32mDEBUG[0m: Checking conditions at minute: 2023-10-07 00:09:01.846381
2023-10-07 00:09:01 - ERROR - [31mERROR[0m: An error occurred while checking conditions: No data file found for today or yesterday.
2023-10-07 00:09:01 - DEBUG - [32mDEBUG[0m: Pin 5 actief en OK_TO_SWITCH is False
2023-10-07 00:10:02 - DEBUG - [32mDEBUG[0m: Checking conditions at minute: 2023-10-07 00:10:02.039982
2023-10-07 00:10:02 - ERROR - [31mERROR[0m: An error occurred while checking conditions: No data file found for today or yesterday.
2023-10-07 00:10:02 - DEBUG - [32mDEBUG[0m: Pin 5 actief en OK_TO_SWITCH is False
2023-10-07 00:11:01 - DEBUG - [32mDEBUG[0m: Checking conditions at minute: 2023-10-07 00:11:01.199381
2023-10-07 00:11:01 - ERROR - [31mERROR[0m: An error occurred while checking conditions: No data file found for today or yesterday.
2023-10-07 00:11:01 - DEBUG - [32mDEBUG[0m: Pin 5 actief en OK_TO_SWITCH is False
2023-10-07 00:12:01 - DEBUG - [32mDEBUG[0m: Checking conditions at minute: 2023-10-07 00:12:01.378120
2023-10-07 00:12:01 - ERROR - [31mERROR[0m: An error occurred while checking conditions: No data file found for today or yesterday.
2023-10-07 00:12:01 - DEBUG - [32mDEBUG[0m: Pin 5 actief en OK_TO_SWITCH is False
2023-10-07 00:13:01 - DEBUG - [32mDEBUG[0m: Checking conditions at minute: 2023-10-07 00:13:01.590526
2023-10-07 00:13:01 - ERROR - [31mERROR[0m: An error occurred while checking conditions: No data file found for today or yesterday.
2023-10-07 00:13:01 - DEBUG - [32mDEBUG[0m: Pin 5 actief en OK_TO_SWITCH is False
2023-10-07 00:14:01 - DEBUG - [32mDEBUG[0m: Checking conditions at minute: 2023-10-07 00:14:01.776946
2023-10-07 00:14:01 - ERROR - [31mERROR[0m: An error occurred while checking conditions: No data file found for today or yesterday.
2023-10-07 00:14:01 - DEBUG - [32mDEBUG[0m: Pin 5 actief en OK_TO_SWITCH is False
2023-10-07 00:15:01 - DEBUG - [32mDEBUG[0m: Checking conditions at minute: 2023-10-07 00:15:01.912375
2023-10-07 00:15:01 - DEBUG - [32mDEBUG[0m: Avg W for 10 minutes: 3884.0199999999995
2023-10-07 00:15:01 - DEBUG - [32mDEBUG[0m: 10 minutes above 1000W
2023-10-07 00:15:01 - DEBUG - [32mDEBUG[0m: Pin 5 actief en OK_TO_SWITCH is False
2023-10-07 00:16:02 - DEBUG - [32mDEBUG[0m: Checking conditions at minute: 2023-10-07 00:16:02.110289
2023-10-07 00:16:02 - DEBUG - [32mDEBUG[0m: Avg W for 10 minutes: 3884.0199999999995
2023-10-07 00:16:02 - DEBUG - [32mDEBUG[0m: 10 minutes above 1000W
2023-10-07 00:16:02 - DEBUG - [32mDEBUG[0m: Pin 5 actief en OK_TO_SWITCH is False
2023-10-07 00:18:01 - DEBUG - [32mDEBUG[0m: Checking conditions at minute: 2023-10-07 00:18:01.439142
2023-10-07 00:18:01 - DEBUG - [32mDEBUG[0m: Avg W for 10 minutes: 3884.0199999999995
2023-10-07 00:18:01 - DEBUG - [32mDEBUG[0m: 10 minutes above 1000W
2023-10-07 00:18:01 - DEBUG - [32mDEBUG[0m: Pin 5 actief en OK_TO_SWITCH is False
2023-10-07 00:18:09 - DEBUG - [32mDEBUG[0m: Checking conditions at minute: 2023-10-07 00:18:09.554102
2023-10-07 00:18:09 - DEBUG - [32mDEBUG[0m: Avg W for 10 minutes: 3884.0199999999995
2023-10-07 00:18:09 - DEBUG - [32mDEBUG[0m: 10 minutes above 1000W
2023-10-07 00:18:09 - DEBUG - [32mDEBUG[0m: Pin 5 actief en OK_TO_SWITCH is False
2023-10-07 00:18:32 - DEBUG - [32mDEBUG[0m: Checking conditions at minute: 2023-10-07 00:18:32.700951
2023-10-07 00:18:32 - DEBUG - [32mDEBUG[0m: Avg W for 10 minutes: 3884.0199999999995
2023-10-07 00:18:32 - DEBUG - [32mDEBUG[0m: 10 minutes above 1000W
2023-10-07 00:18:32 - DEBUG - [32mDEBUG[0m: Pin 5 actief en OK_TO_SWITCH is False
2023-10-07 00:19:01 - DEBUG - [32mDEBUG[0m: Checking conditions at minute: 2023-10-07 00:19:01.668965
2023-10-07 00:19:01 - DEBUG - [32mDEBUG[0m: Avg W for 10 minutes: 3884.0199999999995
2023-10-07 00:19:01 - DEBUG - [32mDEBUG[0m: 10 minutes above 1000W
2023-10-07 00:19:01 - DEBUG - [32mDEBUG[0m: Pin 5 actief en OK_TO_SWITCH is False
2023-10-07 00:21:15 - DEBUG - [32mDEBUG[0m: Checking conditions at minute: 2023-10-07 00:21:15.379158
2023-10-07 00:21:15 - DEBUG - [32mDEBUG[0m: Avg W for 10 minutes: 3884.0199999999995
2023-10-07 00:21:15 - DEBUG - [32mDEBUG[0m: 10 minutes above 1000W
2023-10-07 00:21:15 - DEBUG - [32mDEBUG[0m: Pin 5 actief en OK_TO_SWITCH is False
2023-10-07 00:22:01 - DEBUG - [32mDEBUG[0m: Checking conditions at minute: 2023-10-07 00:22:01.243261
2023-10-07 00:22:01 - DEBUG - [32mDEBUG[0m: Avg W for 10 minutes: 3884.0199999999995
2023-10-07 00:22:01 - DEBUG - [32mDEBUG[0m: 10 minutes above 1000W
2023-10-07 00:22:01 - DEBUG - [32mDEBUG[0m: Pin 5 actief en OK_TO_SWITCH is False
2023-10-07 00:22:36 - DEBUG - [32mDEBUG[0m: Checking conditions at minute: 2023-10-07 00:22:36.963956
2023-10-07 00:22:36 - DEBUG - [32mDEBUG[0m: Avg W for 10 minutes: 3884.0199999999995
2023-10-07 00:22:36 - DEBUG - [32mDEBUG[0m: 10 minutes above 1000W
2023-10-07 00:22:36 - DEBUG - [32mDEBUG[0m: Pin 5 actief en OK_TO_SWITCH is False
2023-10-07 00:23:01 - DEBUG - [32mDEBUG[0m: Checking conditions at minute: 2023-10-07 00:23:01.427439
2023-10-07 00:23:01 - DEBUG - [32mDEBUG[0m: Avg W for 10 minutes: 3884.0199999999995
2023-10-07 00:23:01 - DEBUG - [32mDEBUG[0m: 10 minutes above 1000W
2023-10-07 00:23:01 - DEBUG - [32mDEBUG[0m: Pin 5 actief en OK_TO_SWITCH is False
2023-10-07 00:23:10 - DEBUG - [32mDEBUG[0m: Checking conditions at minute: 2023-10-07 00:23:10.463544
2023-10-07 00:23:10 - DEBUG - [32mDEBUG[0m: Avg W for 10 minutes: 3884.0199999999995
2023-10-07 00:23:10 - DEBUG - [32mDEBUG[0m: 10 minutes above 1000W
2023-10-07 00:23:10 - DEBUG - [32mDEBUG[0m: Pin 5 actief en OK_TO_SWITCH is False
2023-10-07 00:24:01 - DEBUG - [32mDEBUG[0m: Checking conditions at minute: 2023-10-07 00:24:01.598009
2023-10-07 00:24:01 - DEBUG - [32mDEBUG[0m: Avg W for 10 minutes: 3884.0199999999995
2023-10-07 00:24:01 - DEBUG - [32mDEBUG[0m: 10 minutes above 1000W
2023-10-07 00:24:01 - DEBUG - [32mDEBUG[0m: Pin 5 actief en OK_TO_SWITCH is False
